<?xml version="1.0" encoding="UTF-8"?>
<!-- Generated by org.testng.reporters.JUnitReportReporter -->
<testsuite hostname="LAPTOP-GODVOKSA" failures="0" tests="1" name="day3.CookiesDemo" time="2.100" errors="0" timestamp="2023-03-14T23:08:58 EDT" skipped="0">
  <testcase classname="day3.CookiesDemo" name="testCookies" time="2.100"/>
  <system-out/>
</testsuite> <!-- day3.CookiesDemo -->
