<?xml version="1.0" encoding="UTF-8"?>
<!-- Generated by org.testng.reporters.JUnitReportReporter -->
<testsuite hostname="LAPTOP-GODVOKSA" failures="0" tests="1" name="day5.ParsingXMLResponse" time="2.752" errors="0" timestamp="2023-03-15T20:25:38 EDT" skipped="0">
  <testcase classname="day5.ParsingXMLResponse" name="testXMLResponseBody" time="2.752"/>
  <system-out/>
</testsuite> <!-- day5.ParsingXMLResponse -->
