<?xml version="1.0" encoding="UTF-8"?>
<!-- Generated by org.testng.reporters.JUnitReportReporter -->
<testsuite hostname="LAPTOP-GODVOKSA" failures="0" tests="1" name="day4.ParsingJsonResponse" time="1.318" errors="0" timestamp="2023-03-15T15:57:49 EDT" skipped="0">
  <testcase classname="day4.ParsingJsonResponse" name="testJsonResponseBodyData" time="1.318"/>
  <system-out/>
</testsuite> <!-- day4.ParsingJsonResponse -->
