<?xml version="1.0" encoding="UTF-8"?>
<!-- Generated by org.testng.reporters.JUnitReportReporter -->
<testsuite hostname="LAPTOP-GODVOKSA" failures="0" tests="1" name="day2.DiffWaysToCreatePostRequestBody" time="1.653" errors="0" timestamp="2023-03-14T21:39:49 EDT" skipped="0">
  <testcase classname="day2.DiffWaysToCreatePostRequestBody" name="testPostusingExternalJSonFile" time="1.653"/>
  <system-out/>
</testsuite> <!-- day2.DiffWaysToCreatePostRequestBody -->
