<?xml version="1.0" encoding="UTF-8"?>
<!-- Generated by org.testng.reporters.JUnitReportReporter -->
<testsuite hostname="LAPTOP-GODVOKSA" failures="0" tests="1" name="day5.FileUploadAndDownload" time="2.501" errors="0" timestamp="2023-03-15T20:50:09 EDT" skipped="0">
  <testcase classname="day5.FileUploadAndDownload" name="singleFileUpload" time="2.501"/>
  <system-out/>
</testsuite> <!-- day5.FileUploadAndDownload -->
