<?xml version="1.0" encoding="UTF-8"?>
<!-- Generated by org.testng.reporters.JUnitReportReporter -->
<testsuite hostname="LAPTOP-GODVOKSA" failures="0" tests="2" name="day3.headersDemo" time="2.112" errors="0" timestamp="2023-03-14T23:37:55 EDT" skipped="0">
  <testcase classname="day3.headersDemo" name="testHeaders" time="1.809"/>
  <system-out/>
  <testcase classname="day3.headersDemo" name="getHeaders" time="0.303"/>
  <system-out/>
</testsuite> <!-- day3.headersDemo -->
