<?xml version="1.0" encoding="UTF-8"?>
<!-- Generated by org.testng.reporters.JUnitReportReporter -->
<testsuite hostname="LAPTOP-GODVOKSA" failures="0" tests="1" name="day3.PathAndQueryPararameters" time="2.917" errors="0" timestamp="2023-03-14T21:57:07 EDT" skipped="0">
  <testcase classname="day3.PathAndQueryPararameters" name="testQueryAndPathParameters" time="2.917"/>
  <system-out/>
</testsuite> <!-- day3.PathAndQueryPararameters -->
