<?xml version="1.0" encoding="UTF-8"?>
<!-- Generated by org.testng.reporters.JUnitReportReporter -->
<testsuite hostname="LAPTOP-GODVOKSA" failures="0" tests="4" name="day1.HTTPRequests" time="4.138" errors="0" timestamp="2023-03-01T14:57:41 EST" skipped="0">
  <testcase classname="day1.HTTPRequests" name="getUsers" time="2.687"/>
  <system-out/>
  <testcase classname="day1.HTTPRequests" name="createUser" time="0.680"/>
  <system-out/>
  <testcase classname="day1.HTTPRequests" name="updateUser" time="0.406"/>
  <system-out/>
  <testcase classname="day1.HTTPRequests" name="deleteUser" time="0.365"/>
  <system-out/>
</testsuite> <!-- day1.HTTPRequests -->
