<?xml version="1.0" encoding="UTF-8"?>
<!-- Generated by org.testng.reporters.JUnitReportReporter -->
<testsuite hostname="LAPTOP-GODVOKSA" failures="0" tests="1" name="day3.CookiesDemo$getCookiesInfo" time="0.178" errors="0" timestamp="2023-03-14T23:08:58 EDT" skipped="0">
  <testcase classname="day3.CookiesDemo$getCookiesInfo" name="testCookies" time="0.178"/>
  <system-out/>
</testsuite> <!-- day3.CookiesDemo$getCookiesInfo -->
