<?xml version="1.0" encoding="UTF-8"?>
<!-- Generated by org.testng.reporters.JUnitReportReporter -->
<testsuite hostname="LAPTOP-GODVOKSA" failures="0" tests="1" name="day3.LogginDemo" time="1.459" errors="0" timestamp="2023-03-15T00:01:48 EDT" skipped="0">
  <testcase classname="day3.LogginDemo" name="testLogs" time="1.459"/>
  <system-out/>
</testsuite> <!-- day3.LogginDemo -->
